[debug] [2024-05-24T08:17:32.302Z] ----------------------------------------------------------------------
[debug] [2024-05-24T08:17:32.306Z] Command:       C:\Program Files\nodejs\node.exe C:\Users\walter\AppData\Roaming\npm\node_modules\firebase-tools\lib\bin\firebase.js init
[debug] [2024-05-24T08:17:32.307Z] CLI Version:   11.22.0
[debug] [2024-05-24T08:17:32.308Z] Platform:      win32
[debug] [2024-05-24T08:17:32.308Z] Node Version:  v16.16.0
[debug] [2024-05-24T08:17:32.310Z] Time:          Fri May 24 2024 05:17:32 GMT-0300 (hora estándar de Argentina)
[debug] [2024-05-24T08:17:32.311Z] ----------------------------------------------------------------------
[debug] 
[debug] [2024-05-24T08:17:32.468Z] > command requires scopes: ["email","openid","https://www.googleapis.com/auth/cloudplatformprojects.readonly","https://www.googleapis.com/auth/firebase","https://www.googleapis.com/auth/cloud-platform"]
[debug] [2024-05-24T08:17:32.469Z] > authorizing via signed-in user (guerrerowalterfernado@gmail.com)
[info] 
     ######## #### ########  ######## ########     ###     ######  ########
     ##        ##  ##     ## ##       ##     ##  ##   ##  ##       ##
     ######    ##  ########  ######   ########  #########  ######  ######
     ##        ##  ##    ##  ##       ##     ## ##     ##       ## ##
     ##       #### ##     ## ######## ########  ##     ##  ######  ########

You're about to initialize a Firebase project in this directory:

  C:\Users\walter\Desktop\Angular11\walterAngular11

Before we get started, keep in mind:

  * You are initializing within an existing Firebase project directory

[info] 
=== Project Setup
[info] 
[info] First, let's associate this project directory with a Firebase project.
[info] You can create multiple project aliases by running firebase use --add, 
[info] but for now we'll just set up a default project.
[info] 
[debug] [2024-05-24T08:18:54.884Z] Using project from CLI flag: portfolio-frontend-guerrero
[debug] [2024-05-24T08:18:54.888Z] > refreshing access token with scopes: []
[debug] [2024-05-24T08:18:54.898Z] >>> [apiv2][query] POST https://www.googleapis.com/oauth2/v3/token [none]
[debug] [2024-05-24T08:18:54.899Z] >>> [apiv2][body] POST https://www.googleapis.com/oauth2/v3/token [omitted]
[debug] [2024-05-24T08:18:55.242Z] <<< [apiv2][status] POST https://www.googleapis.com/oauth2/v3/token 400
[debug] [2024-05-24T08:18:55.242Z] <<< [apiv2][body] POST https://www.googleapis.com/oauth2/v3/token [omitted]
[debug] [2024-05-24T08:18:55.244Z] >>> [apiv2][query] GET https://firebase.googleapis.com/v1beta1/projects/portfolio-frontend-guerrero [none]
[debug] [2024-05-24T08:18:55.464Z] <<< [apiv2][status] GET https://firebase.googleapis.com/v1beta1/projects/portfolio-frontend-guerrero 401
[debug] [2024-05-24T08:18:55.465Z] <<< [apiv2][body] GET https://firebase.googleapis.com/v1beta1/projects/portfolio-frontend-guerrero {"error":{"code":401,"message":"Request had invalid authentication credentials. Expected OAuth 2 access token, login cookie or other valid authentication credential. See https://developers.google.com/identity/sign-in/web/devconsole-project.","status":"UNAUTHENTICATED"}}
[debug] [2024-05-24T08:18:55.467Z] HTTP Error: 401, Request had invalid authentication credentials. Expected OAuth 2 access token, login cookie or other valid authentication credential. See https://developers.google.com/identity/sign-in/web/devconsole-project.
[debug] [2024-05-24T08:18:55.473Z] FirebaseError: HTTP Error: 401, Request had invalid authentication credentials. Expected OAuth 2 access token, login cookie or other valid authentication credential. See https://developers.google.com/identity/sign-in/web/devconsole-project.
    at responseToError (C:\Users\walter\AppData\Roaming\npm\node_modules\firebase-tools\lib\responseToError.js:49:12)
    at RetryOperation._fn (C:\Users\walter\AppData\Roaming\npm\node_modules\firebase-tools\lib\apiv2.js:288:77)
    at processTicksAndRejections (node:internal/process/task_queues:96:5)
[error] 
[error] Error: Failed to get Firebase project portfolio-frontend-guerrero. Please make sure the project exists and your account has permission to access it.
